1603801968434	geckodriver	INFO	Listening on 127.0.0.1:60744
1603801971463	mozrunner::runner	INFO	Running command: "C:\\Program Files\\Mozilla Firefox\\firefox.exe" "--marionette" "-foreground" "-no-remote" "-profile" "C:\\Users\\DANIEL~1\\AppData\\Local\\Temp\\rust_mozprofileRe5Or1"
1603802019103	geckodriver	INFO	Listening on 127.0.0.1:60839
1603802022125	mozrunner::runner	INFO	Running command: "C:\\Program Files\\Mozilla Firefox\\firefox.exe" "--marionette" "-foreground" "-no-remote" "-profile" "C:\\Users\\DANIEL~1\\AppData\\Local\\Temp\\rust_mozprofileJ1dF5W"
Can't find symbol 'eglSwapBuffersWithDamageEXT'.
JavaScript error: resource://gre/modules/XULStore.jsm, line 66: Error: Can't find profile directory.
console.error: SearchCache: "_readCacheFile: Error reading cache file:" (new Error("", "(unknown module)"))
1603802025403	Marionette	INFO	Listening on port 60850
1603802025740	Marionette	WARN	TLS certificate errors will be ignored for this session
1603802682042	Marionette	INFO	Stopped listening on port 60850

###!!! [Child][RunMessage] Error: Channel closing: too late to send/recv, messages will be lost


###!!! [Child][MessageChannel::SendAndWait] Error: Channel error: cannot send/recv

1603802684371	geckodriver	INFO	Listening on 127.0.0.1:61606
1603802687404	mozrunner::runner	INFO	Running command: "C:\\Program Files\\Mozilla Firefox\\firefox.exe" "--marionette" "-foreground" "-no-remote" "-profile" "C:\\Users\\DANIEL~1\\AppData\\Local\\Temp\\rust_mozprofileAV5muP"
Can't find symbol 'eglSwapBuffersWithDamageEXT'.
JavaScript error: resource://gre/modules/XULStore.jsm, line 66: Error: Can't find profile directory.
console.error: SearchCache: "_readCacheFile: Error reading cache file:" (new Error("", "(unknown module)"))
1603802690686	Marionette	INFO	Listening on port 61618
1603802691014	Marionette	WARN	TLS certificate errors will be ignored for this session
1603802694629	Marionette	INFO	Stopped listening on port 61618

###!!! [Child][RunMessage] Error: Channel closing: too late to send/recv, messages will be lost


###!!! [Child][MessageChannel::SendAndWait] Error: Channel error: cannot send/recv

1603802776982	geckodriver	INFO	Listening on 127.0.0.1:61750
1603802780015	mozrunner::runner	INFO	Running command: "C:\\Program Files\\Mozilla Firefox\\firefox.exe" "--marionette" "-foreground" "-no-remote" "-profile" "C:\\Users\\DANIEL~1\\AppData\\Local\\Temp\\rust_mozprofile61gPmk"
Can't find symbol 'eglSwapBuffersWithDamageEXT'.
JavaScript error: resource://gre/modules/XULStore.jsm, line 66: Error: Can't find profile directory.
console.error: SearchCache: "_readCacheFile: Error reading cache file:" (new Error("", "(unknown module)"))
1603802783094	Marionette	INFO	Listening on port 61761
1603802783124	Marionette	WARN	TLS certificate errors will be ignored for this session
1603802989772	Marionette	INFO	Stopped listening on port 61761

###!!! [Child][RunMessage] Error: Channel closing: too late to send/recv, messages will be lost


###!!! [Child][MessageChannel::SendAndWait] Error: Channel error: cannot send/recv

1603802990989	geckodriver	INFO	Listening on 127.0.0.1:62012
1603802994024	mozrunner::runner	INFO	Running command: "C:\\Program Files\\Mozilla Firefox\\firefox.exe" "--marionette" "-foreground" "-no-remote" "-profile" "C:\\Users\\DANIEL~1\\AppData\\Local\\Temp\\rust_mozprofilecpt5pH"
Can't find symbol 'eglSwapBuffersWithDamageEXT'.
JavaScript error: resource://gre/modules/XULStore.jsm, line 66: Error: Can't find profile directory.
console.error: SearchCache: "_readCacheFile: Error reading cache file:" (new Error("", "(unknown module)"))
1603802997050	Marionette	INFO	Listening on port 62024
1603802997139	Marionette	WARN	TLS certificate errors will be ignored for this session
1603803067432	Marionette	INFO	Stopped listening on port 62024

###!!! [Child][RunMessage] Error: Channel closing: too late to send/recv, messages will be lost


###!!! [Child][MessageChannel::SendAndWait] Error: Channel error: cannot send/recv

1603803078922	geckodriver	INFO	Listening on 127.0.0.1:62165
1603803081955	mozrunner::runner	INFO	Running command: "C:\\Program Files\\Mozilla Firefox\\firefox.exe" "--marionette" "-foreground" "-no-remote" "-profile" "C:\\Users\\DANIEL~1\\AppData\\Local\\Temp\\rust_mozprofileIXYk9P"
Can't find symbol 'eglSwapBuffersWithDamageEXT'.
JavaScript error: resource://gre/modules/XULStore.jsm, line 66: Error: Can't find profile directory.
console.error: SearchCache: "_readCacheFile: Error reading cache file:" (new Error("", "(unknown module)"))
1603803084999	Marionette	INFO	Listening on port 62176
1603803085070	Marionette	WARN	TLS certificate errors will be ignored for this session
1603803179285	Marionette	INFO	Stopped listening on port 62176

###!!! [Child][RunMessage] Error: Channel closing: too late to send/recv, messages will be lost


###!!! [Child][MessageChannel::SendAndWait] Error: Channel error: cannot send/recv

1603803180268	geckodriver	INFO	Listening on 127.0.0.1:62325
1603803183300	mozrunner::runner	INFO	Running command: "C:\\Program Files\\Mozilla Firefox\\firefox.exe" "--marionette" "-foreground" "-no-remote" "-profile" "C:\\Users\\DANIEL~1\\AppData\\Local\\Temp\\rust_mozprofileKFRAEw"
Can't find symbol 'eglSwapBuffersWithDamageEXT'.
JavaScript error: resource://gre/modules/XULStore.jsm, line 66: Error: Can't find profile directory.
console.error: SearchCache: "_readCacheFile: Error reading cache file:" (new Error("", "(unknown module)"))
1603803186285	Marionette	INFO	Listening on port 62337
1603803186417	Marionette	WARN	TLS certificate errors will be ignored for this session
1603803234424	Marionette	INFO	Stopped listening on port 62337

###!!! [Child][RunMessage] Error: Channel closing: too late to send/recv, messages will be lost


###!!! [Child][MessageChannel::SendAndWait] Error: Channel error: cannot send/recv

1603803235332	geckodriver	INFO	Listening on 127.0.0.1:62441
1603803238358	mozrunner::runner	INFO	Running command: "C:\\Program Files\\Mozilla Firefox\\firefox.exe" "--marionette" "-foreground" "-no-remote" "-profile" "C:\\Users\\DANIEL~1\\AppData\\Local\\Temp\\rust_mozprofileUtbUAu"
Can't find symbol 'eglSwapBuffersWithDamageEXT'.
JavaScript error: resource://gre/modules/XULStore.jsm, line 66: Error: Can't find profile directory.
console.error: SearchCache: "_readCacheFile: Error reading cache file:" (new Error("", "(unknown module)"))
1603803241469	Marionette	INFO	Listening on port 62452
1603803241476	Marionette	WARN	TLS certificate errors will be ignored for this session
1603803394646	Marionette	INFO	Stopped listening on port 62452

###!!! [Child][RunMessage] Error: Channel closing: too late to send/recv, messages will be lost


###!!! [Child][MessageChannel::SendAndWait] Error: Channel error: cannot send/recv

1603803395623	geckodriver	INFO	Listening on 127.0.0.1:62707
1603803398655	mozrunner::runner	INFO	Running command: "C:\\Program Files\\Mozilla Firefox\\firefox.exe" "--marionette" "-foreground" "-no-remote" "-profile" "C:\\Users\\DANIEL~1\\AppData\\Local\\Temp\\rust_mozprofileFX7r0C"
Can't find symbol 'eglSwapBuffersWithDamageEXT'.
JavaScript error: resource://gre/modules/XULStore.jsm, line 66: Error: Can't find profile directory.
console.error: SearchCache: "_readCacheFile: Error reading cache file:" (new Error("", "(unknown module)"))
1603803401747	Marionette	INFO	Listening on port 62720
1603803401771	Marionette	WARN	TLS certificate errors will be ignored for this session
JavaScript error: resource://gre/actors/SelectChild.jsm, line 104: TypeError: this.element is null
1603803658553	Marionette	INFO	Stopped listening on port 62720

###!!! [Child][RunMessage] Error: Channel closing: too late to send/recv, messages will be lost


###!!! [Child][MessageChannel::SendAndWait] Error: Channel error: cannot send/recv

1603803661291	geckodriver	INFO	Listening on 127.0.0.1:63149
1603803664324	mozrunner::runner	INFO	Running command: "C:\\Program Files\\Mozilla Firefox\\firefox.exe" "--marionette" "-foreground" "-no-remote" "-profile" "C:\\Users\\DANIEL~1\\AppData\\Local\\Temp\\rust_mozprofilee5M8E0"
Can't find symbol 'eglSwapBuffersWithDamageEXT'.
JavaScript error: resource://gre/modules/XULStore.jsm, line 66: Error: Can't find profile directory.
console.error: SearchCache: "_readCacheFile: Error reading cache file:" (new Error("", "(unknown module)"))
1603803667411	Marionette	INFO	Listening on port 63159
1603803667435	Marionette	WARN	TLS certificate errors will be ignored for this session
1603803710079	Marionette	INFO	Stopped listening on port 63159

###!!! [Child][RunMessage] Error: Channel closing: too late to send/recv, messages will be lost


###!!! [Child][MessageChannel::SendAndWait] Error: Channel error: cannot send/recv

1603803711449	geckodriver	INFO	Listening on 127.0.0.1:63262
1603803714495	mozrunner::runner	INFO	Running command: "C:\\Program Files\\Mozilla Firefox\\firefox.exe" "--marionette" "-foreground" "-no-remote" "-profile" "C:\\Users\\DANIEL~1\\AppData\\Local\\Temp\\rust_mozprofileQcGBSZ"
Can't find symbol 'eglSwapBuffersWithDamageEXT'.
JavaScript error: resource://gre/modules/XULStore.jsm, line 66: Error: Can't find profile directory.
console.error: SearchCache: "_readCacheFile: Error reading cache file:" (new Error("", "(unknown module)"))
1603803717459	Marionette	INFO	Listening on port 63273
1603803717604	Marionette	WARN	TLS certificate errors will be ignored for this session
1603804094523	Marionette	INFO	Stopped listening on port 63273

###!!! [Child][RunMessage] Error: Channel closing: too late to send/recv, messages will be lost


###!!! [Child][MessageChannel::SendAndWait] Error: Channel error: cannot send/recv

1603804095412	geckodriver	INFO	Listening on 127.0.0.1:63722
1603804098457	mozrunner::runner	INFO	Running command: "C:\\Program Files\\Mozilla Firefox\\firefox.exe" "--marionette" "-foreground" "-no-remote" "-profile" "C:\\Users\\DANIEL~1\\AppData\\Local\\Temp\\rust_mozprofilePP6RTu"
Can't find symbol 'eglSwapBuffersWithDamageEXT'.
JavaScript error: resource://gre/modules/XULStore.jsm, line 66: Error: Can't find profile directory.
console.error: SearchCache: "_readCacheFile: Error reading cache file:" (new Error("", "(unknown module)"))
1603804101673	Marionette	INFO	Listening on port 63733
1603804102068	Marionette	WARN	TLS certificate errors will be ignored for this session
1603804187553	Marionette	INFO	Stopped listening on port 63733

###!!! [Child][RunMessage] Error: Channel closing: too late to send/recv, messages will be lost


###!!! [Child][MessageChannel::SendAndWait] Error: Channel error: cannot send/recv

1603804188489	geckodriver	INFO	Listening on 127.0.0.1:63899
1603804191524	mozrunner::runner	INFO	Running command: "C:\\Program Files\\Mozilla Firefox\\firefox.exe" "--marionette" "-foreground" "-no-remote" "-profile" "C:\\Users\\DANIEL~1\\AppData\\Local\\Temp\\rust_mozprofileSeytcb"
Can't find symbol 'eglSwapBuffersWithDamageEXT'.
JavaScript error: resource://gre/modules/XULStore.jsm, line 66: Error: Can't find profile directory.
console.error: SearchCache: "_readCacheFile: Error reading cache file:" (new Error("", "(unknown module)"))
1603804194541	Marionette	INFO	Listening on port 63909
1603804194635	Marionette	WARN	TLS certificate errors will be ignored for this session
1603804239362	Marionette	INFO	Stopped listening on port 63909

###!!! [Child][RunMessage] Error: Channel closing: too late to send/recv, messages will be lost


###!!! [Child][MessageChannel::SendAndWait] Error: Channel error: cannot send/recv

1603804240357	geckodriver	INFO	Listening on 127.0.0.1:64016
1603804243378	mozrunner::runner	INFO	Running command: "C:\\Program Files\\Mozilla Firefox\\firefox.exe" "--marionette" "-foreground" "-no-remote" "-profile" "C:\\Users\\DANIEL~1\\AppData\\Local\\Temp\\rust_mozprofileqEDkao"
Can't find symbol 'eglSwapBuffersWithDamageEXT'.
JavaScript error: resource://gre/modules/XULStore.jsm, line 66: Error: Can't find profile directory.
console.error: SearchCache: "_readCacheFile: Error reading cache file:" (new Error("", "(unknown module)"))
1603804246651	Marionette	INFO	Listening on port 64029
1603804246989	Marionette	WARN	TLS certificate errors will be ignored for this session

###!!! [Child][RunMessage] Error: Channel closing: too late to send/recv, messages will be lost

1603804320087	Marionette	INFO	Stopped listening on port 64029

###!!! [Child][MessageChannel::SendAndWait] Error: Channel error: cannot send/recv

1603804321035	geckodriver	INFO	Listening on 127.0.0.1:64172
1603804324081	mozrunner::runner	INFO	Running command: "C:\\Program Files\\Mozilla Firefox\\firefox.exe" "--marionette" "-foreground" "-no-remote" "-profile" "C:\\Users\\DANIEL~1\\AppData\\Local\\Temp\\rust_mozprofileG8BjZp"
Can't find symbol 'eglSwapBuffersWithDamageEXT'.
JavaScript error: resource://gre/modules/XULStore.jsm, line 66: Error: Can't find profile directory.
console.error: SearchCache: "_readCacheFile: Error reading cache file:" (new Error("", "(unknown module)"))
1603804327838	Marionette	INFO	Listening on port 64182
1603804328195	Marionette	WARN	TLS certificate errors will be ignored for this session
1603804549810	Marionette	INFO	Stopped listening on port 64182

###!!! [Child][RunMessage] Error: Channel closing: too late to send/recv, messages will be lost


###!!! [Child][MessageChannel::SendAndWait] Error: Channel error: cannot send/recv

1603804551037	geckodriver	INFO	Listening on 127.0.0.1:64486
1603804554069	mozrunner::runner	INFO	Running command: "C:\\Program Files\\Mozilla Firefox\\firefox.exe" "--marionette" "-foreground" "-no-remote" "-profile" "C:\\Users\\DANIEL~1\\AppData\\Local\\Temp\\rust_mozprofileZZrYhp"
Can't find symbol 'eglSwapBuffersWithDamageEXT'.
JavaScript error: resource://gre/modules/XULStore.jsm, line 66: Error: Can't find profile directory.
console.error: SearchCache: "_readCacheFile: Error reading cache file:" (new Error("", "(unknown module)"))
1603804557373	Marionette	INFO	Listening on port 64496
1603804557684	Marionette	WARN	TLS certificate errors will be ignored for this session
1603804707170	Marionette	INFO	Stopped listening on port 64496

###!!! [Child][RunMessage] Error: Channel closing: too late to send/recv, messages will be lost


###!!! [Child][MessageChannel::SendAndWait] Error: Channel error: cannot send/recv

1603804708478	geckodriver	INFO	Listening on 127.0.0.1:64721
1603804711506	mozrunner::runner	INFO	Running command: "C:\\Program Files\\Mozilla Firefox\\firefox.exe" "--marionette" "-foreground" "-no-remote" "-profile" "C:\\Users\\DANIEL~1\\AppData\\Local\\Temp\\rust_mozprofileYODSEF"
Can't find symbol 'eglSwapBuffersWithDamageEXT'.
JavaScript error: resource://gre/modules/XULStore.jsm, line 66: Error: Can't find profile directory.
console.error: SearchCache: "_readCacheFile: Error reading cache file:" (new Error("", "(unknown module)"))
1603804714597	Marionette	INFO	Listening on port 64731
1603804714646	Marionette	WARN	TLS certificate errors will be ignored for this session
1603804869547	Marionette	INFO	Stopped listening on port 64731

###!!! [Child][RunMessage] Error: Channel closing: too late to send/recv, messages will be lost


###!!! [Child][MessageChannel::SendAndWait] Error: Channel error: cannot send/recv

1603804870543	geckodriver	INFO	Listening on 127.0.0.1:64947
1603804873578	mozrunner::runner	INFO	Running command: "C:\\Program Files\\Mozilla Firefox\\firefox.exe" "--marionette" "-foreground" "-no-remote" "-profile" "C:\\Users\\DANIEL~1\\AppData\\Local\\Temp\\rust_mozprofilep9swQI"
Can't find symbol 'eglSwapBuffersWithDamageEXT'.
JavaScript error: resource://gre/modules/XULStore.jsm, line 66: Error: Can't find profile directory.
console.error: SearchCache: "_readCacheFile: Error reading cache file:" (new Error("", "(unknown module)"))
1603804876626	Marionette	INFO	Listening on port 64957
1603804876721	Marionette	WARN	TLS certificate errors will be ignored for this session
1603805569841	Marionette	INFO	Stopped listening on port 64957

###!!! [Child][RunMessage] Error: Channel closing: too late to send/recv, messages will be lost


###!!! [Child][MessageChannel::SendAndWait] Error: Channel error: cannot send/recv

l\\Temp\\rust_mozprofilexnOVnL"
Can't find symbol 'eglSwapBuffersWithDamageEXT'.
JavaScript error: resource://gre/modules/XULStore.jsm, line 66: Error: Can't find profile directory.
console.error: SearchCache: "_readCacheFile: Error reading cache file:" (new Error("", "(unknown module)"))
1603805572780	Marionette	INFO	Listening on port 49397
1603805572896	Marionette	WARN	TLS certificate errors will be ignored for this session
1603805838201	Marionette	INFO	Stopped listening on port 49397

###!!! [Child][MessageChannel::SendAndWait] Error: Channel error: cannot send/recv

1603805841078	geckodriver	INFO	Listening on 127.0.0.1:49822
1603805844101	mozrunner::runner	INFO	Running command: "C:\\Program Files\\Mozilla Firefox\\firefox.exe" "--marionette" "-foreground" "-no-remote" "-profile" "C:\\Users\\DANIEL~1\\AppData\\Local\\Temp\\rust_mozprofile2dOlpl"
Can't find symbol 'eglSwapBuffersWithDamageEXT'.
JavaScript error: resource://gre/modules/XULStore.jsm, line 66: Error: Can't find profile directory.
console.error: SearchCache: "_readCacheFile: Error reading cache file:" (new Error("", "(unknown module)"))
1603805847032	Marionette	INFO	Listening on port 49834
1603805847217	Marionette	WARN	TLS certificate errors will be ignored for this session
1603807785609	Marionette	INFO	Stopped listening on port 49834

###!!! [Child][RunMessage] Error: Channel closing: too late to send/recv, messages will be lost


###!!! [Child][MessageChannel::SendAndWait] Error: Channel error: cannot send/recv

1603807786676	geckodriver	INFO	Listening on 127.0.0.1:51880
1603807789698	mozrunner::runner	INFO	Running command: "C:\\Program Files\\Mozilla Firefox\\firefox.exe" "--marionette" "-foreground" "-no-remote" "-profile" "C:\\Users\\DANIEL~1\\AppData\\Local\\Temp\\rust_mozprofile7vDqSf"
Can't find symbol 'eglSwapBuffersWithDamageEXT'.
JavaScript error: resource://gre/modules/XULStore.jsm, line 66: Error: Can't find profile directory.
console.error: SearchCache: "_readCacheFile: Error reading cache file:" (new Error("", "(unknown module)"))
1603807792756	Marionette	INFO	Listening on port 51891
1603807792808	Marionette	WARN	TLS certificate errors will be ignored for this session
1603807815098	Marionette	INFO	Stopped listening on port 51891

###!!! [Child][RunMessage] Error: Channel closing: too late to send/recv, messages will be lost


###!!! [Child][MessageChannel::SendAndWait] Error: Channel error: cannot send/recv

1603807815954	geckodriver	INFO	Listening on 127.0.0.1:51963
1603807818981	mozrunner::runner	INFO	Running command: "C:\\Program Files\\Mozilla Firefox\\firefox.exe" "--marionette" "-foreground" "-no-remote" "-profile" "C:\\Users\\DANIEL~1\\AppData\\Local\\Temp\\rust_mozprofileYO67S4"
Can't find symbol 'eglSwapBuffersWithDamageEXT'.
JavaScript error: resource://gre/modules/XULStore.jsm, line 66: Error: Can't find profile directory.
console.error: SearchCache: "_readCacheFile: Error reading cache file:" (new Error("", "(unknown module)"))
1603807821947	Marionette	INFO	Listening on port 51972
1603807822094	Marionette	WARN	TLS certificate errors will be ignored for this session
1603807989840	Marionette	INFO	Stopped listening on port 51972

###!!! [Child][RunMessage] Error: Channel closing: too late to send/recv, messages will be lost


###!!! [Child][MessageChannel::SendAndWait] Error: Channel error: cannot send/recv

1603807990760	geckodriver	INFO	Listening on 127.0.0.1:52117
1603807993779	mozrunner::runner	INFO	Running command: "C:\\Program Files\\Mozilla Firefox\\firefox.exe" "--marionette" "-foreground" "-no-remote" "-profile" "C:\\Users\\DANIEL~1\\AppData\\Local\\Temp\\rust_mozprofilenYGCZ3"
Can't find symbol 'eglSwapBuffersWithDamageEXT'.
JavaScript error: resource://gre/modules/XULStore.jsm, line 66: Error: Can't find profile directory.
console.error: SearchCache: "_readCacheFile: Error reading cache file:" (new Error("", "(unknown module)"))
1603807996740	Marionette	INFO	Listening on port 52128
1603807996904	Marionette	WARN	TLS certificate errors will be ignored for this session
1603808067912	Marionette	INFO	Stopped listening on port 52128

###!!! [Child][RunMessage] Error: Channel closing: too late to send/recv, messages will be lost


###!!! [Child][MessageChannel::SendAndWait] Error: Channel error: cannot send/recv

1603808068695	geckodriver	INFO	Listening on 127.0.0.1:52226
1603808071741	mozrunner::runner	INFO	Running command: "C:\\Program Files\\Mozilla Firefox\\firefox.exe" "--marionette" "-foreground" "-no-remote" "-profile" "C:\\Users\\DANIEL~1\\AppData\\Local\\Temp\\rust_mozprofileop3nxN"
Can't find symbol 'eglSwapBuffersWithDamageEXT'.
JavaScript error: resource://gre/modules/XULStore.jsm, line 66: Error: Can't find profile directory.
console.error: SearchCache: "_readCacheFile: Error reading cache file:" (new Error("", "(unknown module)"))
1603808074694	Marionette	INFO	Listening on port 52235
1603808074854	Marionette	WARN	TLS certificate errors will be ignored for this session
1603808102587	Marionette	INFO	Stopped listening on port 52235

###!!! [Child][RunMessage] Error: Channel closing: too late to send/recv, messages will be lost


###!!! [Child][MessageChannel::SendAndWait] Error: Channel error: cannot send/recv

1603808103386	geckodriver	INFO	Listening on 127.0.0.1:52313
1603808106422	mozrunner::runner	INFO	Running command: "C:\\Program Files\\Mozilla Firefox\\firefox.exe" "--marionette" "-foreground" "-no-remote" "-profile" "C:\\Users\\DANIEL~1\\AppData\\Local\\Temp\\rust_mozprofile8JiurU"
Can't find symbol 'eglSwapBuffersWithDamageEXT'.
JavaScript error: resource://gre/modules/XULStore.jsm, line 66: Error: Can't find profile directory.
console.error: SearchCache: "_readCacheFile: Error reading cache file:" (new Error("", "(unknown module)"))
1603808111010	Marionette	INFO	Listening on port 52323
1603808111237	Marionette	WARN	TLS certificate errors will be ignored for this session
1603808233063	Marionette	INFO	Stopped listening on port 52323

###!!! [Child][RunMessage] Error: Channel closing: too late to send/recv, messages will be lost


###!!! [Child][MessageChannel::SendAndWait] Error: Channel error: cannot send/recv

1603808234086	geckodriver	INFO	Listening on 127.0.0.1:52464
1603808237127	mozrunner::runner	INFO	Running command: "C:\\Program Files\\Mozilla Firefox\\firefox.exe" "--marionette" "-foreground" "-no-remote" "-profile" "C:\\Users\\DANIEL~1\\AppData\\Local\\Temp\\rust_mozprofileTYZSaG"
Can't find symbol 'eglSwapBuffersWithDamageEXT'.
JavaScript error: resource://gre/modules/XULStore.jsm, line 66: Error: Can't find profile directory.
console.error: SearchCache: "_readCacheFile: Error reading cache file:" (new Error("", "(unknown module)"))
1603808240196	Marionette	INFO	Listening on port 52473
1603808240258	Marionette	WARN	TLS certificate errors will be ignored for this session
1603808264734	Marionette	INFO	Stopped listening on port 52473

###!!! [Child][RunMessage] Error: Channel closing: too late to send/recv, messages will be lost


###!!! [Child][MessageChannel::SendAndWait] Error: Channel error: cannot send/recv

1603808265500	geckodriver	INFO	Listening on 127.0.0.1:52552
1603808268545	mozrunner::runner	INFO	Running command: "C:\\Program Files\\Mozilla Firefox\\firefox.exe" "--marionette" "-foreground" "-no-remote" "-profile" "C:\\Users\\DANIEL~1\\AppData\\Local\\Temp\\rust_mozprofileZOHd2b"
Can't find symbol 'eglSwapBuffersWithDamageEXT'.
JavaScript error: resource://gre/modules/XULStore.jsm, line 66: Error: Can't find profile directory.
console.error: SearchCache: "_readCacheFile: Error reading cache file:" (new Error("", "(unknown module)"))
1603808271628	Marionette	INFO	Listening on port 52562
1603808271671	Marionette	WARN	TLS certificate errors will be ignored for this session
1603808348683	Marionette	INFO	Stopped listening on port 52562

###!!! [Child][RunMessage] Error: Channel closing: too late to send/recv, messages will be lost


###!!! [Child][MessageChannel::SendAndWait] Error: Channel error: cannot send/recv

1603808359323	geckodriver	INFO	Listening on 127.0.0.1:52666
1603808362377	mozrunner::runner	INFO	Running command: "C:\\Program Files\\Mozilla Firefox\\firefox.exe" "--marionette" "-foreground" "-no-remote" "-profile" "C:\\Users\\DANIEL~1\\AppData\\Local\\Temp\\rust_mozprofileIU9fkv"
Can't find symbol 'eglSwapBuffersWithDamageEXT'.
JavaScript error: resource://gre/modules/XULStore.jsm, line 66: Error: Can't find profile directory.
console.error: SearchCache: "_readCacheFile: Error reading cache file:" (new Error("", "(unknown module)"))
1603808365361	Marionette	INFO	Listening on port 52675
1603808365491	Marionette	WARN	TLS certificate errors will be ignored for this session
1603808394748	Marionette	INFO	Stopped listening on port 52675

###!!! [Child][RunMessage] Error: Channel closing: too late to send/recv, messages will be lost


###!!! [Child][MessageChannel::SendAndWait] Error: Channel error: cannot send/recv

1603808395648	geckodriver	INFO	Listening on 127.0.0.1:52749
1603808398673	mozrunner::runner	INFO	Running command: "C:\\Program Files\\Mozilla Firefox\\firefox.exe" "--marionette" "-foreground" "-no-remote" "-profile" "C:\\Users\\DANIEL~1\\AppData\\Local\\Temp\\rust_mozprofilec3PayG"
Can't find symbol 'eglSwapBuffersWithDamageEXT'.
JavaScript error: resource://gre/modules/XULStore.jsm, line 66: Error: Can't find profile directory.
console.error: SearchCache: "_readCacheFile: Error reading cache file:" (new Error("", "(unknown module)"))
1603808401651	Marionette	INFO	Listening on port 52758
1603808401783	Marionette	WARN	TLS certificate errors will be ignored for this session
console.error: "Error writing request: getGrids"
JavaScript error: https://defensoria.ma.def.br/5TI/index.php/chamado/abertura?intchecklistid=511, line 484: ReferenceError: jQuery is not defined
JavaScript error: resource://gre/modules/XULStore.jsm, line 66: Error: Can't find profile directory.
JavaScript error: resource://gre/modules/XULStore.jsm, line 66: Error: Can't find profile directory.
1603808591545	Marionette	INFO	Stopped listening on port 52758

###!!! [Child][RunMessage] Error: Channel closing: too late to send/recv, messages will be lost


###!!! [Child][MessageChannel::SendAndWait] Error: Channel error: cannot send/recv

1603808942710	geckodriver	INFO	Listening on 127.0.0.1:53140
1603808945744	mozrunner::runner	INFO	Running command: "C:\\Program Files\\Mozilla Firefox\\firefox.exe" "--marionette" "-foreground" "-no-remote" "-profile" "C:\\Users\\DANIEL~1\\AppData\\Local\\Temp\\rust_mozprofileF99KFQ"
Can't find symbol 'eglSwapBuffersWithDamageEXT'.
JavaScript error: resource://gre/modules/XULStore.jsm, line 66: Error: Can't find profile directory.
console.error: SearchCache: "_readCacheFile: Error reading cache file:" (new Error("", "(unknown module)"))
1603808949257	Marionette	INFO	Listening on port 53150
1603808949363	Marionette	WARN	TLS certificate errors will be ignored for this session
1603808984685	Marionette	INFO	Stopped listening on port 53150

###!!! [Child][RunMessage] Error: Channel closing: too late to send/recv, messages will be lost


###!!! [Child][MessageChannel::SendAndWait] Error: Channel error: cannot send/recv

1603808985849	geckodriver	INFO	Listening on 127.0.0.1:53246
1603808988874	mozrunner::runner	INFO	Running command: "C:\\Program Files\\Mozilla Firefox\\firefox.exe" "--marionette" "-foreground" "-no-remote" "-profile" "C:\\Users\\DANIEL~1\\AppData\\Local\\Temp\\rust_mozprofileQ5uBI6"
Can't find symbol 'eglSwapBuffersWithDamageEXT'.
JavaScript error: resource://gre/modules/XULStore.jsm, line 66: Error: Can't find profile directory.
console.error: SearchCache: "_readCacheFile: Error reading cache file:" (new Error("", "(unknown module)"))
1603808992044	Marionette	INFO	Listening on port 53256
1603808992486	Marionette	WARN	TLS certificate errors will be ignored for this session
1603809020977	Marionette	INFO	Stopped listening on port 53256

###!!! [Child][RunMessage] Error: Channel closing: too late to send/recv, messages will be lost


###!!! [Child][MessageChannel::SendAndWait] Error: Channel error: cannot send/recv

1603809021948	geckodriver	INFO	Listening on 127.0.0.1:53339
1603809024970	mozrunner::runner	INFO	Running command: "C:\\Program Files\\Mozilla Firefox\\firefox.exe" "--marionette" "-foreground" "-no-remote" "-profile" "C:\\Users\\DANIEL~1\\AppData\\Local\\Temp\\rust_mozprofile9feDkl"
Can't find symbol 'eglSwapBuffersWithDamageEXT'.
JavaScript error: resource://gre/modules/XULStore.jsm, line 66: Error: Can't find profile directory.
console.error: SearchCache: "_readCacheFile: Error reading cache file:" (new Error("", "(unknown module)"))
1603809028120	Marionette	INFO	Listening on port 53350
1603809028586	Marionette	WARN	TLS certificate errors will be ignored for this session
1603809151861	Marionette	INFO	Stopped listening on port 53350

###!!! [Child][RunMessage] Error: Channel closing: too late to send/recv, messages will be lost


###!!! [Child][MessageChannel::SendAndWait] Error: Channel error: cannot send/recv

1603809152907	geckodriver	INFO	Listening on 127.0.0.1:53487
1603809155938	mozrunner::runner	INFO	Running command: "C:\\Program Files\\Mozilla Firefox\\firefox.exe" "--marionette" "-foreground" "-no-remote" "-profile" "C:\\Users\\DANIEL~1\\AppData\\Local\\Temp\\rust_mozprofileXNUlRz"
Can't find symbol 'eglSwapBuffersWithDamageEXT'.
JavaScript error: resource://gre/modules/XULStore.jsm, line 66: Error: Can't find profile directory.
console.error: SearchCache: "_readCacheFile: Error reading cache file:" (new Error("", "(unknown module)"))
1603809160256	Marionette	INFO	Listening on port 53496
1603809160660	Marionette	WARN	TLS certificate errors will be ignored for this session
1603811130778	Marionette	INFO	Stopped listening on port 53496

###!!! [Child][RunMessage] Error: Channel closing: too late to send/recv, messages will be lost


###!!! [Child][MessageChannel::SendAndWait] Error: Channel error: cannot send/recv

1603811131966	geckodriver	INFO	Listening on 127.0.0.1:54778
1603811135001	mozrunner::runner	INFO	Running command: "C:\\Program Files\\Mozilla Firefox\\firefox.exe" "--marionette" "-foreground" "-no-remote" "-profile" "C:\\Users\\DANIEL~1\\AppData\\Local\\Temp\\rust_mozprofileIZn4Nt"
Can't find symbol 'eglSwapBuffersWithDamageEXT'.
JavaScript error: resource://gre/modules/XULStore.jsm, line 66: Error: Can't find profile directory.
console.error: SearchCache: "_readCacheFile: Error reading cache file:" (new Error("", "(unknown module)"))
1603811139160	Marionette	INFO	Listening on port 54788
1603811139231	Marionette	WARN	TLS certificate errors will be ignored for this session
1603811179274	Marionette	INFO	Stopped listening on port 54788

###!!! [Child][RunMessage] Error: Channel closing: too late to send/recv, messages will be lost


###!!! [Child][MessageChannel::SendAndWait] Error: Channel error: cannot send/recv

1603811180075	geckodriver	INFO	Listening on 127.0.0.1:54874
1603811183109	mozrunner::runner	INFO	Running command: "C:\\Program Files\\Mozilla Firefox\\firefox.exe" "--marionette" "-foreground" "-no-remote" "-profile" "C:\\Users\\DANIEL~1\\AppData\\Local\\Temp\\rust_mozprofileR52O9b"
Can't find symbol 'eglSwapBuffersWithDamageEXT'.
JavaScript error: resource://gre/modules/XULStore.jsm, line 66: Error: Can't find profile directory.
JavaScript error: resource://gre/modules/URIFixup.jsm, line 271: NS_ERROR_FAILURE: Should pass a non-null uri
console.error: SearchCache: "_readCacheFile: Error reading cache file:" (new Error("", "(unknown module)"))
console.error: services.settings: 
  main/messaging-experiments Signature failed  TypeError: NetworkError when attempting to fetch resource.
console.error: Region.jsm: "Error fetching region" (new TypeError("NetworkError when attempting to fetch resource.", ""))
console.error: Region.jsm: "Failed to fetch region" (new Error("NO_RESULT", "resource://gre/modules/Region.jsm", 351))
console.error: services.settings: 
  main/fxmonitor-breaches Signature failed  TypeError: NetworkError when attempting to fetch resource.
console.error: services.settings: 
  main/message-groups Signature failed  TypeError: NetworkError when attempting to fetch resource.
[Parent 13876, Gecko_IOThread] WARNING: file /builds/worker/checkouts/gecko/ipc/chromium/src/base/process_util_win.cc, line 166

###!!! [Child][RunMessage] Error: Channel closing: too late to send/recv, messages will be lost


###!!! [Child][MessageChannel::SendAndWait] Error: Channel error: cannot send/recv

1603811208182	geckodriver	INFO	Listening on 127.0.0.1:54928
1603811211214	mozrunner::runner	INFO	Running command: "C:\\Program Files\\Mozilla Firefox\\firefox.exe" "--marionette" "-foreground" "-no-remote" "-profile" "C:\\Users\\DANIEL~1\\AppData\\Local\\Temp\\rust_mozprofileJkJ1mC"
Can't find symbol 'eglSwapBuffersWithDamageEXT'.
JavaScript error: resource://gre/modules/XULStore.jsm, line 66: Error: Can't find profile directory.
console.error: SearchCache: "_readCacheFile: Error reading cache file:" (new Error("", "(unknown module)"))
1603811214347	Marionette	INFO	Listening on port 54937
1603811214833	Marionette	WARN	TLS certificate errors will be ignored for this session
1603812413507	Marionette	INFO	Stopped listening on port 54937

###!!! [Child][RunMessage] Error: Channel closing: too late to send/recv, messages will be lost


###!!! [Child][MessageChannel::SendAndWait] Error: Channel error: cannot send/recv

1603812414482	geckodriver	INFO	Listening on 127.0.0.1:55847
1603812417504	mozrunner::runner	INFO	Running command: "C:\\Program Files\\Mozilla Firefox\\firefox.exe" "--marionette" "-foreground" "-no-remote" "-profile" "C:\\Users\\DANIEL~1\\AppData\\Local\\Temp\\rust_mozprofilecisavy"
Can't find symbol 'eglSwapBuffersWithDamageEXT'.
JavaScript error: resource://gre/modules/XULStore.jsm, line 66: Error: Can't find profile directory.
console.error: SearchCache: "_readCacheFile: Error reading cache file:" (new Error("", "(unknown module)"))
1603812421019	Marionette	INFO	Listening on port 55856
1603812421115	Marionette	WARN	TLS certificate errors will be ignored for this session
1603812473333	Marionette	INFO	Stopped listening on port 55856

###!!! [Child][RunMessage] Error: Channel closing: too late to send/recv, messages will be lost


###!!! [Child][MessageChannel::SendAndWait] Error: Channel error: cannot send/recv

1603812474158	geckodriver	INFO	Listening on 127.0.0.1:55942
1603812477194	mozrunner::runner	INFO	Running command: "C:\\Program Files\\Mozilla Firefox\\firefox.exe" "--marionette" "-foreground" "-no-remote" "-profile" "C:\\Users\\DANIEL~1\\AppData\\Local\\Temp\\rust_mozprofileTds2Nw"
Can't find symbol 'eglSwapBuffersWithDamageEXT'.
JavaScript error: resource://gre/modules/XULStore.jsm, line 66: Error: Can't find profile directory.
console.error: SearchCache: "_readCacheFile: Error reading cache file:" (new Error("", "(unknown module)"))
1603812480190	Marionette	INFO	Listening on port 55951
1603812480301	Marionette	WARN	TLS certificate errors will be ignored for this session
1603812725323	Marionette	INFO	Stopped listening on port 55951

###!!! [Child][RunMessage] Error: Channel closing: too late to send/recv, messages will be lost


###!!! [Child][MessageChannel::SendAndWait] Error: Channel error: cannot send/recv

1603812738640	geckodriver	INFO	Listening on 127.0.0.1:56154
1603812741661	mozrunner::runner	INFO	Running command: "C:\\Program Files\\Mozilla Firefox\\firefox.exe" "--marionette" "-foreground" "-no-remote" "-profile" "C:\\Users\\DANIEL~1\\AppData\\Local\\Temp\\rust_mozprofileCAaeda"
Can't find symbol 'eglSwapBuffersWithDamageEXT'.
JavaScript error: resource://gre/modules/XULStore.jsm, line 66: Error: Can't find profile directory.
console.error: SearchCache: "_readCacheFile: Error reading cache file:" (new Error("", "(unknown module)"))
1603812744911	Marionette	INFO	Listening on port 56163
1603812745273	Marionette	WARN	TLS certificate errors will be ignored for this session
1603812852265	Marionette	INFO	Stopped listening on port 56163

###!!! [Child][RunMessage] Error: Channel closing: too late to send/recv, messages will be lost


###!!! [Child][MessageChannel::SendAndWait] Error: Channel error: cannot send/recv

1603812855315	geckodriver	INFO	Listening on 127.0.0.1:56313
1603812858366	mozrunner::runner	INFO	Running command: "C:\\Program Files\\Mozilla Firefox\\firefox.exe" "--marionette" "-foreground" "-no-remote" "-profile" "C:\\Users\\DANIEL~1\\AppData\\Local\\Temp\\rust_mozprofileDek0vm"
Can't find symbol 'eglSwapBuffersWithDamageEXT'.
JavaScript error: resource://gre/modules/XULStore.jsm, line 66: Error: Can't find profile directory.
console.error: SearchCache: "_readCacheFile: Error reading cache file:" (new Error("", "(unknown module)"))
1603812861930	Marionette	INFO	Listening on port 56322
1603812861988	Marionette	WARN	TLS certificate errors will be ignored for this session
1603813065717	Marionette	INFO	Stopped listening on port 56322

###!!! [Child][RunMessage] Error: Channel closing: too late to send/recv, messages will be lost


###!!! [Child][MessageChannel::SendAndWait] Error: Channel error: cannot send/recv

1603813066584	geckodriver	INFO	Listening on 127.0.0.1:56498
1603813069610	mozrunner::runner	INFO	Running command: "C:\\Program Files\\Mozilla Firefox\\firefox.exe" "--marionette" "-foreground" "-no-remote" "-profile" "C:\\Users\\DANIEL~1\\AppData\\Local\\Temp\\rust_mozprofileq0uqth"
Can't find symbol 'eglSwapBuffersWithDamageEXT'.
JavaScript error: resource://gre/modules/XULStore.jsm, line 66: Error: Can't find profile directory.
console.error: SearchCache: "_readCacheFile: Error reading cache file:" (new Error("", "(unknown module)"))
1603813072781	Marionette	INFO	Listening on port 56509
1603813073225	Marionette	WARN	TLS certificate errors will be ignored for this session
1603813119209	Marionette	INFO	Stopped listening on port 56509

###!!! [Child][RunMessage] Error: Channel closing: too late to send/recv, messages will be lost


###!!! [Child][MessageChannel::SendAndWait] Error: Channel error: cannot send/recv

1603813207755	geckodriver	INFO	Listening on 127.0.0.1:56662
1603813210785	mozrunner::runner	INFO	Running command: "C:\\Program Files\\Mozilla Firefox\\firefox.exe" "--marionette" "-foreground" "-no-remote" "-profile" "C:\\Users\\DANIEL~1\\AppData\\Local\\Temp\\rust_mozprofileOxiIG2"
Can't find symbol 'eglSwapBuffersWithDamageEXT'.
JavaScript error: resource://gre/modules/XULStore.jsm, line 66: Error: Can't find profile directory.
console.error: SearchCache: "_readCacheFile: Error reading cache file:" (new Error("", "(unknown module)"))
1603813213927	Marionette	INFO	Listening on port 56671
1603813214402	Marionette	WARN	TLS certificate errors will be ignored for this session
1603813281810	Marionette	INFO	Stopped listening on port 56671

###!!! [Child][RunMessage] Error: Channel closing: too late to send/recv, messages will be lost


###!!! [Child][MessageChannel::SendAndWait] Error: Channel error: cannot send/recv

1603813282682	geckodriver	INFO	Listening on 127.0.0.1:56785
1603813285726	mozrunner::runner	INFO	Running command: "C:\\Program Files\\Mozilla Firefox\\firefox.exe" "--marionette" "-foreground" "-no-remote" "-profile" "C:\\Users\\DANIEL~1\\AppData\\Local\\Temp\\rust_mozprofilefeF8Ut"
Can't find symbol 'eglSwapBuffersWithDamageEXT'.
JavaScript error: resource://gre/modules/XULStore.jsm, line 66: Error: Can't find profile directory.
console.error: SearchCache: "_readCacheFile: Error reading cache file:" (new Error("", "(unknown module)"))
1603813288853	Marionette	INFO	Listening on port 56796
1603813289337	Marionette	WARN	TLS certificate errors will be ignored for this session
1603813570385	Marionette	INFO	Stopped listening on port 56796

###!!! [Child][MessageChannel::SendAndWait] Error: Channel error: cannot send/recv

1603813571272	geckodriver	INFO	Listening on 127.0.0.1:57022
1603813574291	mozrunner::runner	INFO	Running command: "C:\\Program Files\\Mozilla Firefox\\firefox.exe" "--marionette" "-foreground" "-no-remote" "-profile" "C:\\Users\\DANIEL~1\\AppData\\Local\\Temp\\rust_mozprofileBVKXjf"
Can't find symbol 'eglSwapBuffersWithDamageEXT'.
JavaScript error: resource://gre/modules/XULStore.jsm, line 66: Error: Can't find profile directory.
console.error: SearchCache: "_readCacheFile: Error reading cache file:" (new Error("", "(unknown module)"))
1603813577237	Marionette	INFO	Listening on port 57031
1603813577409	Marionette	WARN	TLS certificate errors will be ignored for this session
1603813826109	Marionette	INFO	Stopped listening on port 57031

###!!! [Child][RunMessage] Error: Channel closing: too late to send/recv, messages will be lost


###!!! [Child][MessageChannel::SendAndWait] Error: Channel error: cannot send/recv

1603813826996	geckodriver	INFO	Listening on 127.0.0.1:57239
1603813830760	mozrunner::runner	INFO	Running command: "C:\\Program Files\\Mozilla Firefox\\firefox.exe" "--marionette" "-foreground" "-no-remote" "-profile" "C:\\Users\\DANIEL~1\\AppData\\Local\\Temp\\rust_mozprofile7ZsX2S"
Can't find symbol 'eglSwapBuffersWithDamageEXT'.
JavaScript error: resource://gre/modules/XULStore.jsm, line 66: Error: Can't find profile directory.
console.error: SearchCache: "_readCacheFile: Error reading cache file:" (new Error("", "(unknown module)"))
1603813834179	Marionette	INFO	Listening on port 57250
1603813834381	Marionette	WARN	TLS certificate errors will be ignored for this session
1603813972534	Marionette	INFO	Stopped listening on port 57250

###!!! [Child][RunMessage] Error: Channel closing: too late to send/recv, messages will be lost


###!!! [Child][MessageChannel::SendAndWait] Error: Channel error: cannot send/recv

1603813973498	geckodriver	INFO	Listening on 127.0.0.1:57384
1603813976519	mozrunner::runner	INFO	Running command: "C:\\Program Files\\Mozilla Firefox\\firefox.exe" "--marionette" "-foreground" "-no-remote" "-profile" "C:\\Users\\DANIEL~1\\AppData\\Local\\Temp\\rust_mozprofileKh0Hjj"
Can't find symbol 'eglSwapBuffersWithDamageEXT'.
JavaScript error: resource://gre/modules/XULStore.jsm, line 66: Error: Can't find profile directory.
console.error: SearchCache: "_readCacheFile: Error reading cache file:" (new Error("", "(unknown module)"))
1603813980220	Marionette	INFO	Listening on port 57394
1603813980633	Marionette	WARN	TLS certificate errors will be ignored for this session
1603814007217	Marionette	INFO	Stopped listening on port 57394

###!!! [Child][RunMessage] Error: Channel closing: too late to send/recv, messages will be lost


###!!! [Child][MessageChannel::SendAndWait] Error: Channel error: cannot send/recv

1603814010865	geckodriver	INFO	Listening on 127.0.0.1:57472
1603814013898	mozrunner::runner	INFO	Running command: "C:\\Program Files\\Mozilla Firefox\\firefox.exe" "--marionette" "-foreground" "-no-remote" "-profile" "C:\\Users\\DANIEL~1\\AppData\\Local\\Temp\\rust_mozprofileMVKcpW"
Can't find symbol 'eglSwapBuffersWithDamageEXT'.
JavaScript error: resource://gre/modules/XULStore.jsm, line 66: Error: Can't find profile directory.
console.error: SearchCache: "_readCacheFile: Error reading cache file:" (new Error("", "(unknown module)"))
1603814016928	Marionette	INFO	Listening on port 57481
1603814017013	Marionette	WARN	TLS certificate errors will be ignored for this session
1603814609213	Marionette	INFO	Stopped listening on port 57481

###!!! [Child][RunMessage] Error: Channel closing: too late to send/recv, messages will be lost


###!!! [Child][MessageChannel::SendAndWait] Error: Channel error: cannot send/recv

1603814609935	geckodriver	INFO	Listening on 127.0.0.1:57873
1603814612964	mozrunner::runner	INFO	Running command: "C:\\Program Files\\Mozilla Firefox\\firefox.exe" "--marionette" "-foreground" "-no-remote" "-profile" "C:\\Users\\DANIEL~1\\AppData\\Local\\Temp\\rust_mozprofile4nF2R4"
Can't find symbol 'eglSwapBuffersWithDamageEXT'.
JavaScript error: resource://gre/modules/XULStore.jsm, line 66: Error: Can't find profile directory.
console.error: SearchCache: "_readCacheFile: Error reading cache file:" (new Error("", "(unknown module)"))
1603814616070	Marionette	INFO	Listening on port 57883
1603814616102	Marionette	WARN	TLS certificate errors will be ignored for this session
1603814731613	Marionette	INFO	Stopped listening on port 57883

###!!! [Child][RunMessage] Error: Channel closing: too late to send/recv, messages will be lost


###!!! [Child][MessageChannel::SendAndWait] Error: Channel error: cannot send/recv

1603814732528	geckodriver	INFO	Listening on 127.0.0.1:58012
1603814735564	mozrunner::runner	INFO	Running command: "C:\\Program Files\\Mozilla Firefox\\firefox.exe" "--marionette" "-foreground" "-no-remote" "-profile" "C:\\Users\\DANIEL~1\\AppData\\Local\\Temp\\rust_mozprofileQpoVAh"
Can't find symbol 'eglSwapBuffersWithDamageEXT'.
JavaScript error: resource://gre/modules/XULStore.jsm, line 66: Error: Can't find profile directory.
console.error: SearchCache: "_readCacheFile: Error reading cache file:" (new Error("", "(unknown module)"))
1603814738793	Marionette	INFO	Listening on port 58021
1603814739178	Marionette	WARN	TLS certificate errors will be ignored for this session
1603814757791	Marionette	INFO	Stopped listening on port 58021

###!!! [Child][RunMessage] Error: Channel closing: too late to send/recv, messages will be lost


###!!! [Child][MessageChannel::SendAndWait] Error: Channel error: cannot send/recv

1603814761200	geckodriver	INFO	Listening on 127.0.0.1:58098
1603814764238	mozrunner::runner	INFO	Running command: "C:\\Program Files\\Mozilla Firefox\\firefox.exe" "--marionette" "-foreground" "-no-remote" "-profile" "C:\\Users\\DANIEL~1\\AppData\\Local\\Temp\\rust_mozprofileER4VuA"
Can't find symbol 'eglSwapBuffersWithDamageEXT'.
JavaScript error: resource://gre/modules/XULStore.jsm, line 66: Error: Can't find profile directory.
console.error: SearchCache: "_readCacheFile: Error reading cache file:" (new Error("", "(unknown module)"))
1603814767293	Marionette	INFO	Listening on port 58107
1603814767354	Marionette	WARN	TLS certificate errors will be ignored for this session
1603814841294	Marionette	INFO	Stopped listening on port 58107

###!!! [Child][RunMessage] Error: Channel closing: too late to send/recv, messages will be lost


###!!! [Child][MessageChannel::SendAndWait] Error: Channel error: cannot send/recv

1603814842276	geckodriver	INFO	Listening on 127.0.0.1:58215
1603814845326	mozrunner::runner	INFO	Running command: "C:\\Program Files\\Mozilla Firefox\\firefox.exe" "--marionette" "-foreground" "-no-remote" "-profile" "C:\\Users\\DANIEL~1\\AppData\\Local\\Temp\\rust_mozprofile4EuzGO"
Can't find symbol 'eglSwapBuffersWithDamageEXT'.
JavaScript error: resource://gre/modules/XULStore.jsm, line 66: Error: Can't find profile directory.
console.error: SearchCache: "_readCacheFile: Error reading cache file:" (new Error("", "(unknown module)"))
1603814848419	Marionette	INFO	Listening on port 58224
1603814848446	Marionette	WARN	TLS certificate errors will be ignored for this session
1603814969904	Marionette	INFO	Stopped listening on port 58224

###!!! [Child][RunMessage] Error: Channel closing: too late to send/recv, messages will be lost


###!!! [Child][MessageChannel::SendAndWait] Error: Channel error: cannot send/recv

1603814970967	geckodriver	INFO	Listening on 127.0.0.1:58350
1603814973999	mozrunner::runner	INFO	Running command: "C:\\Program Files\\Mozilla Firefox\\firefox.exe" "--marionette" "-foreground" "-no-remote" "-profile" "C:\\Users\\DANIEL~1\\AppData\\Local\\Temp\\rust_mozprofile31hFyj"
Can't find symbol 'eglSwapBuffersWithDamageEXT'.
JavaScript error: resource://gre/modules/XULStore.jsm, line 66: Error: Can't find profile directory.
console.error: SearchCache: "_readCacheFile: Error reading cache file:" (new Error("", "(unknown module)"))
1603814977066	Marionette	INFO	Listening on port 58360
1603814977110	Marionette	WARN	TLS certificate errors will be ignored for this session
1603815724540	Marionette	INFO	Stopped listening on port 58360

###!!! [Child][RunMessage] Error: Channel closing: too late to send/recv, messages will be lost


###!!! [Child][MessageChannel::SendAndWait] Error: Channel error: cannot send/recv

1603815725589	geckodriver	INFO	Listening on 127.0.0.1:58912
1603815728624	mozrunner::runner	INFO	Running command: "C:\\Program Files\\Mozilla Firefox\\firefox.exe" "--marionette" "-foreground" "-no-remote" "-profile" "C:\\Users\\DANIEL~1\\AppData\\Local\\Temp\\rust_mozprofileyUCfhQ"
Can't find symbol 'eglSwapBuffersWithDamageEXT'.
JavaScript error: resource://gre/modules/XULStore.jsm, line 66: Error: Can't find profile directory.
console.error: SearchCache: "_readCacheFile: Error reading cache file:" (new Error("", "(unknown module)"))
1603815732071	Marionette	INFO	Listening on port 58921
1603815732240	Marionette	WARN	TLS certificate errors will be ignored for this session
1603815734097	Marionette	WARN	TimedPromise timed out after 500 ms: stacktrace:
TimedPromise/<@chrome://marionette/content/sync.js:245:13
TimedPromise@chrome://marionette/content/sync.js:230:10
interaction.flushEventLoop@chrome://marionette/content/interaction.js:416:10
webdriverClickElement@chrome://marionette/content/interaction.js:182:31
1603815736117	Marionette	WARN	TimedPromise timed out after 500 ms: stacktrace:
TimedPromise/<@chrome://marionette/content/sync.js:245:13
TimedPromise@chrome://marionette/content/sync.js:230:10
interaction.flushEventLoop@chrome://marionette/content/interaction.js:416:10
webdriverClickElement@chrome://marionette/content/interaction.js:182:31
1603818390422	Marionette	INFO	Stopped listening on port 58921

###!!! [Child][RunMessage] Error: Channel closing: too late to send/recv, messages will be lost


###!!! [Child][MessageChannel::SendAndWait] Error: Channel error: cannot send/recv

1603818391594	geckodriver	INFO	Listening on 127.0.0.1:60520
1603818394620	mozrunner::runner	INFO	Running command: "C:\\Program Files\\Mozilla Firefox\\firefox.exe" "--marionette" "-foreground" "-no-remote" "-profile" "C:\\Users\\DANIEL~1\\AppData\\Local\\Temp\\rust_mozprofileblicFB"
Can't find symbol 'eglSwapBuffersWithDamageEXT'.
JavaScript error: resource://gre/modules/XULStore.jsm, line 66: Error: Can't find profile directory.
console.error: SearchCache: "_readCacheFile: Error reading cache file:" (new Error("", "(unknown module)"))
1603818398402	Marionette	INFO	Listening on port 60529
1603818398735	Marionette	WARN	TLS certificate errors will be ignored for this session
1603818500054	Marionette	INFO	Stopped listening on port 60529

###!!! [Child][RunMessage] Error: Channel closing: too late to send/recv, messages will be lost


###!!! [Child][MessageChannel::SendAndWait] Error: Channel error: cannot send/recv

1603818500819	geckodriver	INFO	Listening on 127.0.0.1:60652
1603818503856	mozrunner::runner	INFO	Running command: "C:\\Program Files\\Mozilla Firefox\\firefox.exe" "--marionette" "-foreground" "-no-remote" "-profile" "C:\\Users\\DANIEL~1\\AppData\\Local\\Temp\\rust_mozprofileP3FG5Z"
Can't find symbol 'eglSwapBuffersWithDamageEXT'.
JavaScript error: resource://gre/modules/XULStore.jsm, line 66: Error: Can't find profile directory.
console.error: SearchCache: "_readCacheFile: Error reading cache file:" (new Error("", "(unknown module)"))
1603818507788	Marionette	INFO	Listening on port 60662
1603818507976	Marionette	WARN	TLS certificate errors will be ignored for this session

###!!! [Child][RunMessage] Error: Channel closing: too late to send/recv, messages will be lost

1603818552127	Marionette	INFO	Stopped listening on port 60662

###!!! [Child][RunMessage] Error: Channel closing: too late to send/recv, messages will be lost


###!!! [Child][MessageChannel::SendAndWait] Error: Channel error: cannot send/recv

1603818582254	geckodriver	INFO	Listening on 127.0.0.1:60777
1603818585299	mozrunner::runner	INFO	Running command: "C:\\Program Files\\Mozilla Firefox\\firefox.exe" "--marionette" "-foreground" "-no-remote" "-profile" "C:\\Users\\DANIEL~1\\AppData\\Local\\Temp\\rust_mozprofiledGhBer"
Can't find symbol 'eglSwapBuffersWithDamageEXT'.
JavaScript error: resource://gre/modules/XULStore.jsm, line 66: Error: Can't find profile directory.
console.error: SearchCache: "_readCacheFile: Error reading cache file:" (new Error("", "(unknown module)"))
1603818588400	Marionette	INFO	Listening on port 60787
1603818588415	Marionette	WARN	TLS certificate errors will be ignored for this session
1603818622453	Marionette	INFO	Stopped listening on port 60787

###!!! [Child][RunMessage] Error: Channel closing: too late to send/recv, messages will be lost


###!!! [Child][MessageChannel::SendAndWait] Error: Channel error: cannot send/recv

1603818880619	geckodriver	INFO	Listening on 127.0.0.1:61012
1603818883649	mozrunner::runner	INFO	Running command: "C:\\Program Files\\Mozilla Firefox\\firefox.exe" "--marionette" "-foreground" "-no-remote" "-profile" "C:\\Users\\DANIEL~1\\AppData\\Local\\Temp\\rust_mozprofileofmcEh"
Can't find symbol 'eglSwapBuffersWithDamageEXT'.
JavaScript error: resource://gre/modules/XULStore.jsm, line 66: Error: Can't find profile directory.
console.error: SearchCache: "_readCacheFile: Error reading cache file:" (new Error("", "(unknown module)"))
1603818886645	Marionette	INFO	Listening on port 61022
1603818886759	Marionette	WARN	TLS certificate errors will be ignored for this session
1603818974305	Marionette	INFO	Stopped listening on port 61022

###!!! [Child][MessageChannel::SendAndWait] Error: Channel error: cannot send/recv

1603818978037	geckodriver	INFO	Listening on 127.0.0.1:61136
1603818981057	mozrunner::runner	INFO	Running command: "C:\\Program Files\\Mozilla Firefox\\firefox.exe" "--marionette" "-foreground" "-no-remote" "-profile" "C:\\Users\\DANIEL~1\\AppData\\Local\\Temp\\rust_mozprofiletH3W0z"
Can't find symbol 'eglSwapBuffersWithDamageEXT'.
JavaScript error: resource://gre/modules/XULStore.jsm, line 66: Error: Can't find profile directory.
console.error: SearchCache: "_readCacheFile: Error reading cache file:" (new Error("", "(unknown module)"))
1603818983905	Marionette	INFO	Listening on port 61146
1603818984173	Marionette	WARN	TLS certificate errors will be ignored for this session
1603819891731	Marionette	INFO	Stopped listening on port 61146

###!!! [Child][RunMessage] Error: Channel closing: too late to send/recv, messages will be lost


###!!! [Child][MessageChannel::SendAndWait] Error: Channel error: cannot send/recv

1603819909358	geckodriver	INFO	Listening on 127.0.0.1:61711
1603819912375	mozrunner::runner	INFO	Running command: "C:\\Program Files\\Mozilla Firefox\\firefox.exe" "--marionette" "-foreground" "-no-remote" "-profile" "C:\\Users\\DANIEL~1\\AppData\\Local\\Temp\\rust_mozprofileCbFFTd"
Can't find symbol 'eglSwapBuffersWithDamageEXT'.
JavaScript error: resource://gre/modules/XULStore.jsm, line 66: Error: Can't find profile directory.
console.error: SearchCache: "_readCacheFile: Error reading cache file:" (new Error("", "(unknown module)"))
1603819915733	Marionette	INFO	Listening on port 61721
1603819915990	Marionette	WARN	TLS certificate errors will be ignored for this session
1603820917746	Marionette	INFO	Stopped listening on port 61721

###!!! [Child][RunMessage] Error: Channel closing: too late to send/recv, messages will be lost


###!!! [Child][MessageChannel::SendAndWait] Error: Channel error: cannot send/recv

1603820991348	geckodriver	INFO	Listening on 127.0.0.1:62418
1603820994390	mozrunner::runner	INFO	Running command: "C:\\Program Files\\Mozilla Firefox\\firefox.exe" "--marionette" "-foreground" "-no-remote" "-profile" "C:\\Users\\DANIEL~1\\AppData\\Local\\Temp\\rust_mozprofilefXjdzV"
Can't find symbol 'eglSwapBuffersWithDamageEXT'.
JavaScript error: resource://gre/modules/XULStore.jsm, line 66: Error: Can't find profile directory.
console.error: SearchCache: "_readCacheFile: Error reading cache file:" (new Error("", "(unknown module)"))
1603820997840	Marionette	INFO	Listening on port 62429
1603820997999	Marionette	WARN	TLS certificate errors will be ignored for this session
1603821036887	Marionette	INFO	Stopped listening on port 62429

###!!! [Child][RunMessage] Error: Channel closing: too late to send/recv, messages will be lost


###!!! [Child][MessageChannel::SendAndWait] Error: Channel error: cannot send/recv

1603821037810	geckodriver	INFO	Listening on 127.0.0.1:62511
1603821040854	mozrunner::runner	INFO	Running command: "C:\\Program Files\\Mozilla Firefox\\firefox.exe" "--marionette" "-foreground" "-no-remote" "-profile" "C:\\Users\\DANIEL~1\\AppData\\Local\\Temp\\rust_mozprofileRXWCNu"
Can't find symbol 'eglSwapBuffersWithDamageEXT'.
JavaScript error: resource://gre/modules/XULStore.jsm, line 66: Error: Can't find profile directory.
console.error: SearchCache: "_readCacheFile: Error reading cache file:" (new Error("", "(unknown module)"))
1603821043818	Marionette	INFO	Listening on port 62522
1603821043969	Marionette	WARN	TLS certificate errors will be ignored for this session
1603821209251	Marionette	INFO	Stopped listening on port 62522

###!!! [Child][RunMessage] Error: Channel closing: too late to send/recv, messages will be lost


###!!! [Child][MessageChannel::SendAndWait] Error: Channel error: cannot send/recv

1603821214924	geckodriver	INFO	Listening on 127.0.0.1:62656
1603821217956	mozrunner::runner	INFO	Running command: "C:\\Program Files\\Mozilla Firefox\\firefox.exe" "--marionette" "-foreground" "-no-remote" "-profile" "C:\\Users\\DANIEL~1\\AppData\\Local\\Temp\\rust_mozprofileAYxHiF"
Can't find symbol 'eglSwapBuffersWithDamageEXT'.
JavaScript error: resource://gre/modules/XULStore.jsm, line 66: Error: Can't find profile directory.
console.error: SearchCache: "_readCacheFile: Error reading cache file:" (new Error("", "(unknown module)"))
1603821220944	Marionette	INFO	Listening on port 62665
1603821221077	Marionette	WARN	TLS certificate errors will be ignored for this session
Marionette threw an error: TypeError: this.curBrowser.contentBrowser is null
GeckoDriver.prototype.navigateTo@chrome://marionette/content/driver.js:1248:3

1603821229821	Marionette	INFO	Stopped listening on port 62665

###!!! [Child][RunMessage] Error: Channel closing: too late to send/recv, messages will be lost


###!!! [Child][MessageChannel::SendAndWait] Error: Channel error: cannot send/recv

1603822075018	geckodriver	INFO	Listening on 127.0.0.1:63330
1603822078054	mozrunner::runner	INFO	Running command: "C:\\Program Files\\Mozilla Firefox\\firefox.exe" "--marionette" "-foreground" "-no-remote" "-profile" "C:\\Users\\DANIEL~1\\AppData\\Local\\Temp\\rust_mozprofilevqDMVc"
Can't find symbol 'eglSwapBuffersWithDamageEXT'.
JavaScript error: resource://gre/modules/XULStore.jsm, line 66: Error: Can't find profile directory.
console.error: SearchCache: "_readCacheFile: Error reading cache file:" (new Error("", "(unknown module)"))
1603822081103	Marionette	INFO	Listening on port 63340
1603822081165	Marionette	WARN	TLS certificate errors will be ignored for this session
1603822755509	Marionette	INFO	Stopped listening on port 63340

###!!! [Child][RunMessage] Error: Channel closing: too late to send/recv, messages will be lost


###!!! [Child][MessageChannel::SendAndWait] Error: Channel error: cannot send/recv

1603822756570	geckodriver	INFO	Listening on 127.0.0.1:63788
1603822759612	mozrunner::runner	INFO	Running command: "C:\\Program Files\\Mozilla Firefox\\firefox.exe" "--marionette" "-foreground" "-no-remote" "-profile" "C:\\Users\\DANIEL~1\\AppData\\Local\\Temp\\rust_mozprofile3c13hA"
Can't find symbol 'eglSwapBuffersWithDamageEXT'.
JavaScript error: resource://gre/modules/XULStore.jsm, line 66: Error: Can't find profile directory.
console.error: SearchCache: "_readCacheFile: Error reading cache file:" (new Error("", "(unknown module)"))
1603822762803	Marionette	INFO	Listening on port 63797
1603822763221	Marionette	WARN	TLS certificate errors will be ignored for this session
1603823022996	Marionette	INFO	Stopped listening on port 63797

###!!! [Child][RunMessage] Error: Channel closing: too late to send/recv, messages will be lost


###!!! [Child][MessageChannel::SendAndWait] Error: Channel error: cannot send/recv

1603823023985	geckodriver	INFO	Listening on 127.0.0.1:64008
1603823027022	mozrunner::runner	INFO	Running command: "C:\\Program Files\\Mozilla Firefox\\firefox.exe" "--marionette" "-foreground" "-no-remote" "-profile" "C:\\Users\\DANIEL~1\\AppData\\Local\\Temp\\rust_mozprofileE44Wke"
Can't find symbol 'eglSwapBuffersWithDamageEXT'.
JavaScript error: resource://gre/modules/XULStore.jsm, line 66: Error: Can't find profile directory.
console.error: SearchCache: "_readCacheFile: Error reading cache file:" (new Error("", "(unknown module)"))
1603823029946	Marionette	INFO	Listening on port 64017
1603823030131	Marionette	WARN	TLS certificate errors will be ignored for this session
1603823557591	Marionette	INFO	Stopped listening on port 64017

###!!! [Child][RunMessage] Error: Channel closing: too late to send/recv, messages will be lost


###!!! [Child][MessageChannel::SendAndWait] Error: Channel error: cannot send/recv

1603823558591	geckodriver	INFO	Listening on 127.0.0.1:64390
1603823561634	mozrunner::runner	INFO	Running command: "C:\\Program Files\\Mozilla Firefox\\firefox.exe" "--marionette" "-foreground" "-no-remote" "-profile" "C:\\Users\\DANIEL~1\\AppData\\Local\\Temp\\rust_mozprofile4kBRHk"
Can't find symbol 'eglSwapBuffersWithDamageEXT'.
JavaScript error: resource://gre/modules/XULStore.jsm, line 66: Error: Can't find profile directory.
console.error: SearchCache: "_readCacheFile: Error reading cache file:" (new Error("", "(unknown module)"))
1603823564681	Marionette	INFO	Listening on port 64399
1603823564773	Marionette	WARN	TLS certificate errors will be ignored for this session
1603824022547	Marionette	INFO	Stopped listening on port 64399

###!!! [Child][RunMessage] Error: Channel closing: too late to send/recv, messages will be lost


###!!! [Child][MessageChannel::SendAndWait] Error: Channel error: cannot send/recv

1603824023575	geckodriver	INFO	Listening on 127.0.0.1:64709
1603824026627	mozrunner::runner	INFO	Running command: "C:\\Program Files\\Mozilla Firefox\\firefox.exe" "--marionette" "-foreground" "-no-remote" "-profile" "C:\\Users\\DANIEL~1\\AppData\\Local\\Temp\\rust_mozprofilejPLjAH"
Can't find symbol 'eglSwapBuffersWithDamageEXT'.
JavaScript error: resource://gre/modules/XULStore.jsm, line 66: Error: Can't find profile directory.
console.error: SearchCache: "_readCacheFile: Error reading cache file:" (new Error("", "(unknown module)"))
1603824029962	Marionette	INFO	Listening on port 64718
1603824030236	Marionette	WARN	TLS certificate errors will be ignored for this session
1603827087694	Marionette	INFO	Stopped listening on port 64718

###!!! [Child][RunMessage] Error: Channel closing: too late to send/recv, messages will be lost


###!!! [Child][MessageChannel::SendAndWait] Error: Channel error: cannot send/recv

1603827088931	geckodriver	INFO	Listening on 127.0.0.1:50853
1603827092013	mozrunner::runner	INFO	Running command: "C:\\Program Files\\Mozilla Firefox\\firefox.exe" "--marionette" "-foreground" "-no-remote" "-profile" "C:\\Users\\DANIEL~1\\AppData\\Local\\Temp\\rust_mozprofile6zvKkw"
Can't find symbol 'eglSwapBuffersWithDamageEXT'.
JavaScript error: resource://gre/modules/XULStore.jsm, line 66: Error: Can't find profile directory.
console.error: SearchCache: "_readCacheFile: Error reading cache file:" (new Error("", "(unknown module)"))
1603827096148	Marionette	INFO	Listening on port 50862
1603827096225	Marionette	WARN	TLS certificate errors will be ignored for this session
1603829461847	Marionette	INFO	Stopped listening on port 50862

###!!! [Child][RunMessage] Error: Channel closing: too late to send/recv, messages will be lost


###!!! [Child][MessageChannel::SendAndWait] Error: Channel error: cannot send/recv

1603829463137	geckodriver	INFO	Listening on 127.0.0.1:52752
1603829466169	mozrunner::runner	INFO	Running command: "C:\\Program Files\\Mozilla Firefox\\firefox.exe" "--marionette" "-foreground" "-no-remote" "-profile" "C:\\Users\\DANIEL~1\\AppData\\Local\\Temp\\rust_mozprofileK3sK01"
Can't find symbol 'eglSwapBuffersWithDamageEXT'.
JavaScript error: resource://gre/modules/XULStore.jsm, line 66: Error: Can't find profile directory.
console.error: SearchCache: "_readCacheFile: Error reading cache file:" (new Error("", "(unknown module)"))
1603829470508	Marionette	INFO	Listening on port 52763
1603829470881	Marionette	WARN	TLS certificate errors will be ignored for this session
1603829944628	Marionette	INFO	Stopped listening on port 52763

###!!! [Child][RunMessage] Error: Channel closing: too late to send/recv, messages will be lost


###!!! [Child][MessageChannel::SendAndWait] Error: Channel error: cannot send/recv

1603829945720	geckodriver	INFO	Listening on 127.0.0.1:53092
1603829948761	mozrunner::runner	INFO	Running command: "C:\\Program Files\\Mozilla Firefox\\firefox.exe" "--marionette" "-foreground" "-no-remote" "-profile" "C:\\Users\\DANIEL~1\\AppData\\Local\\Temp\\rust_mozprofileXITeNm"
Can't find symbol 'eglSwapBuffersWithDamageEXT'.
JavaScript error: resource://gre/modules/XULStore.jsm, line 66: Error: Can't find profile directory.
console.error: SearchCache: "_readCacheFile: Error reading cache file:" (new Error("", "(unknown module)"))
1603829951959	Marionette	INFO	Listening on port 53101
1603829952378	Marionette	WARN	TLS certificate errors will be ignored for this session
1603829981483	Marionette	INFO	Stopped listening on port 53101

###!!! [Child][RunMessage] Error: Channel closing: too late to send/recv, messages will be lost


###!!! [Child][MessageChannel::SendAndWait] Error: Channel error: cannot send/recv

1603829985964	geckodriver	INFO	Listening on 127.0.0.1:53183
1603829989105	mozrunner::runner	INFO	Running command: "C:\\Program Files\\Mozilla Firefox\\firefox.exe" "--marionette" "-foreground" "-no-remote" "-profile" "C:\\Users\\DANIEL~1\\AppData\\Local\\Temp\\rust_mozprofileSU3o7B"
Can't find symbol 'eglSwapBuffersWithDamageEXT'.
JavaScript error: resource://gre/modules/XULStore.jsm, line 66: Error: Can't find profile directory.
console.error: SearchCache: "_readCacheFile: Error reading cache file:" (new Error("", "(unknown module)"))
1603829994244	Marionette	INFO	Listening on port 53193
1603829994328	Marionette	WARN	TLS certificate errors will be ignored for this session
1603830020166	Marionette	INFO	Stopped listening on port 53193

###!!! [Child][RunMessage] Error: Channel closing: too late to send/recv, messages will be lost


###!!! [Child][MessageChannel::SendAndWait] Error: Channel error: cannot send/recv

1603832253769	geckodriver	INFO	Listening on 127.0.0.1:54886
1603832256854	mozrunner::runner	INFO	Running command: "C:\\Program Files\\Mozilla Firefox\\firefox.exe" "--marionette" "-foreground" "-no-remote" "-profile" "C:\\Users\\DANIEL~1\\AppData\\Local\\Temp\\rust_mozprofilefZK761"
Can't find symbol 'eglSwapBuffersWithDamageEXT'.
JavaScript error: resource://gre/modules/XULStore.jsm, line 66: Error: Can't find profile directory.
console.error: SearchCache: "_readCacheFile: Error reading cache file:" (new Error("", "(unknown module)"))
1603832260580	Marionette	INFO	Listening on port 54896
1603832260965	Marionette	WARN	TLS certificate errors will be ignored for this session
1603832587884	Marionette	INFO	Stopped listening on port 54896

###!!! [Child][RunMessage] Error: Channel closing: too late to send/recv, messages will be lost


###!!! [Child][MessageChannel::SendAndWait] Error: Channel error: cannot send/recv

1603832740981	geckodriver	INFO	Listening on 127.0.0.1:55362
1603832744012	mozrunner::runner	INFO	Running command: "C:\\Program Files\\Mozilla Firefox\\firefox.exe" "--marionette" "-foreground" "-no-remote" "-profile" "C:\\Users\\DANIEL~1\\AppData\\Local\\Temp\\rust_mozprofileoIrFgX"
Can't find symbol 'eglSwapBuffersWithDamageEXT'.
JavaScript error: resource://gre/modules/XULStore.jsm, line 66: Error: Can't find profile directory.
console.error: SearchCache: "_readCacheFile: Error reading cache file:" (new Error("", "(unknown module)"))
1603832747416	Marionette	INFO	Listening on port 55372
1603832747626	Marionette	WARN	TLS certificate errors will be ignored for this session
1603832795386	Marionette	INFO	Stopped listening on port 55372

###!!! [Child][RunMessage] Error: Channel closing: too late to send/recv, messages will be lost


###!!! [Child][MessageChannel::SendAndWait] Error: Channel error: cannot send/recv

1603832796755	geckodriver	INFO	Listening on 127.0.0.1:55472
1603832799775	mozrunner::runner	INFO	Running command: "C:\\Program Files\\Mozilla Firefox\\firefox.exe" "--marionette" "-foreground" "-no-remote" "-profile" "C:\\Users\\DANIEL~1\\AppData\\Local\\Temp\\rust_mozprofile0Oet0m"
Can't find symbol 'eglSwapBuffersWithDamageEXT'.
JavaScript error: resource://gre/modules/XULStore.jsm, line 66: Error: Can't find profile directory.
console.error: SearchCache: "_readCacheFile: Error reading cache file:" (new Error("", "(unknown module)"))
1603832802756	Marionette	INFO	Listening on port 55482
1603832802886	Marionette	WARN	TLS certificate errors will be ignored for this session
1603832840223	Marionette	INFO	Stopped listening on port 55482

###!!! [Child][RunMessage] Error: Channel closing: too late to send/recv, messages will be lost


###!!! [Child][MessageChannel::SendAndWait] Error: Channel error: cannot send/recv

1603833277290	geckodriver	INFO	Listening on 127.0.0.1:55831
1603833280338	mozrunner::runner	INFO	Running command: "C:\\Program Files\\Mozilla Firefox\\firefox.exe" "--marionette" "-foreground" "-no-remote" "-profile" "C:\\Users\\DANIEL~1\\AppData\\Local\\Temp\\rust_mozprofileS2Eaef"
Can't find symbol 'eglSwapBuffersWithDamageEXT'.
JavaScript error: resource://gre/modules/XULStore.jsm, line 66: Error: Can't find profile directory.
console.error: SearchCache: "_readCacheFile: Error reading cache file:" (new Error("", "(unknown module)"))
1603833283346	Marionette	INFO	Listening on port 55841
1603833283460	Marionette	WARN	TLS certificate errors will be ignored for this session
